<?xml version="1.0" encoding="UTF-8"?>
<!-- Generated by org.testng.reporters.JUnitXMLReporter -->
<testsuite ignored="0" hostname="DESKTOP-UJQAFN8" failures="0" tests="4" name="TestwithChrome" time="31.493" errors="0" timestamp="2022-07-01T17:15:45 IST">
  <testcase classname="com.nopCommerceDemo.testCases.TC_AddCustomer_003" name="login" time="4.399"/>
  <testcase classname="com.nopCommerceDemo.testCases.TC_AddCustomer_003" name="addCustomerTest" time="4.487"/>
  <testcase classname="com.nopCommerceDemo.testCases.TC_SearchCustomer" name="login" time="3.531"/>
  <testcase classname="com.nopCommerceDemo.testCases.TC_SearchCustomer" name="searchCustomer" time="1.95"/>
</testsuite> <!-- TestwithChrome -->
