<?xml version="1.0" encoding="UTF-8"?>
<testng-results ignored="0" total="4" passed="4" failed="0" skipped="0">
  <reporter-output>
  </reporter-output>
  <suite started-at="2022-07-01T17:15:14 IST" name="Suite" finished-at="2022-07-01T17:15:45 IST" duration-ms="31493">
    <groups>
    </groups>
    <test started-at="2022-07-01T17:15:14 IST" name="TestwithChrome" finished-at="2022-07-01T17:15:45 IST" duration-ms="31493">
      <class name="com.nopCommerceDemo.testCases.TC_SearchCustomer">
        <test-method is-config="true" signature="setUp()[pri:0, instance:com.nopCommerceDemo.testCases.TC_SearchCustomer@771a660]" started-at="2022-07-01T17:15:32 IST" name="setUp" finished-at="2022-07-01T17:15:39 IST" duration-ms="7522" status="PASS">
          <reporter-output>
          </reporter-output>
        </test-method> <!-- setUp -->
        <test-method signature="login()[pri:1, instance:com.nopCommerceDemo.testCases.TC_SearchCustomer@771a660]" started-at="2022-07-01T17:15:39 IST" name="login" finished-at="2022-07-01T17:15:43 IST" duration-ms="3531" status="PASS">
          <reporter-output>
          </reporter-output>
        </test-method> <!-- login -->
        <test-method signature="searchCustomer()[pri:2, instance:com.nopCommerceDemo.testCases.TC_SearchCustomer@771a660]" started-at="2022-07-01T17:15:43 IST" name="searchCustomer" finished-at="2022-07-01T17:15:45 IST" duration-ms="1950" status="PASS">
          <reporter-output>
          </reporter-output>
        </test-method> <!-- searchCustomer -->
        <test-method is-config="true" signature="tearDown()[pri:0, instance:com.nopCommerceDemo.testCases.TC_SearchCustomer@771a660]" started-at="2022-07-01T17:15:45 IST" name="tearDown" finished-at="2022-07-01T17:15:45 IST" duration-ms="609" status="PASS">
          <reporter-output>
          </reporter-output>
        </test-method> <!-- tearDown -->
      </class> <!-- com.nopCommerceDemo.testCases.TC_SearchCustomer -->
      <class name="com.nopCommerceDemo.testCases.TC_AddCustomer_003">
        <test-method is-config="true" signature="setUp()[pri:0, instance:com.nopCommerceDemo.testCases.TC_AddCustomer_003@54e1c68b]" started-at="2022-07-01T17:15:14 IST" name="setUp" finished-at="2022-07-01T17:15:22 IST" duration-ms="8375" status="PASS">
          <reporter-output>
          </reporter-output>
        </test-method> <!-- setUp -->
        <test-method signature="login()[pri:1, instance:com.nopCommerceDemo.testCases.TC_AddCustomer_003@54e1c68b]" started-at="2022-07-01T17:15:22 IST" name="login" finished-at="2022-07-01T17:15:27 IST" duration-ms="4399" status="PASS">
          <reporter-output>
          </reporter-output>
        </test-method> <!-- login -->
        <test-method signature="addCustomerTest()[pri:2, instance:com.nopCommerceDemo.testCases.TC_AddCustomer_003@54e1c68b]" started-at="2022-07-01T17:15:27 IST" name="addCustomerTest" finished-at="2022-07-01T17:15:31 IST" duration-ms="4487" status="PASS">
          <reporter-output>
          </reporter-output>
        </test-method> <!-- addCustomerTest -->
        <test-method is-config="true" signature="tearDown()[pri:0, instance:com.nopCommerceDemo.testCases.TC_AddCustomer_003@54e1c68b]" started-at="2022-07-01T17:15:31 IST" name="tearDown" finished-at="2022-07-01T17:15:32 IST" duration-ms="589" status="PASS">
          <reporter-output>
          </reporter-output>
        </test-method> <!-- tearDown -->
      </class> <!-- com.nopCommerceDemo.testCases.TC_AddCustomer_003 -->
    </test> <!-- TestwithChrome -->
  </suite> <!-- Suite -->
</testng-results>
